[2024-09-17T08:06:29.895+0000] {manager.py:486} INFO - Processing files using up to 1 processes at a time 
[2024-09-17T08:06:29.896+0000] {manager.py:487} INFO - Process each file at most once every 30 seconds
[2024-09-17T08:06:29.897+0000] {manager.py:488} INFO - Checking for new files in /opt/airflow/dags every 300 seconds
[2024-09-17T08:06:29.897+0000] {manager.py:832} INFO - Searching for files in /opt/airflow/dags
[2024-09-17T08:06:30.719+0000] {manager.py:835} INFO - There are 1 files in /opt/airflow/dags
[2024-09-17T08:06:34.376+0000] {manager.py:1008} INFO - 
================================================================================
DAG File Processing Stats

File Path                             PID    Runtime      # DAGs    # Errors  Last Runtime    Last Run               Last # of DB Queries
------------------------------------  -----  ---------  --------  ----------  --------------  -------------------  ----------------------
/opt/airflow/dags/real_estate_dag.py                           1           0  2.81s           2024-09-17T08:06:34                      12
================================================================================
[2024-09-17T08:07:06.447+0000] {manager.py:1008} INFO - 
================================================================================
DAG File Processing Stats

File Path                             PID    Runtime      # DAGs    # Errors  Last Runtime    Last Run               Last # of DB Queries
------------------------------------  -----  ---------  --------  ----------  --------------  -------------------  ----------------------
/opt/airflow/dags/real_estate_dag.py                           1           0  1.31s           2024-09-17T08:07:06                      12
================================================================================
[2024-09-17T08:08:41.589+0000] {manager.py:468} INFO - Exiting gracefully upon receiving signal 15
[2024-09-17T08:08:41.949+0000] {manager.py:486} INFO - Processing files using up to 1 processes at a time 
[2024-09-17T08:08:41.950+0000] {manager.py:487} INFO - Process each file at most once every 30 seconds
[2024-09-17T08:08:41.950+0000] {manager.py:488} INFO - Checking for new files in /opt/airflow/dags every 300 seconds
[2024-09-17T08:08:41.951+0000] {manager.py:832} INFO - Searching for files in /opt/airflow/dags
[2024-09-17T08:08:42.187+0000] {manager.py:835} INFO - There are 1 files in /opt/airflow/dags
[2024-09-17T08:08:43.988+0000] {manager.py:1008} INFO - 
================================================================================
DAG File Processing Stats

File Path                             PID    Runtime      # DAGs    # Errors  Last Runtime    Last Run               Last # of DB Queries
------------------------------------  -----  ---------  --------  ----------  --------------  -------------------  ----------------------
/opt/airflow/dags/real_estate_dag.py                           1           0  1.51s           2024-09-17T08:08:43                      12
================================================================================
[2024-09-17T08:09:21.268+0000] {manager.py:1008} INFO - 
================================================================================
DAG File Processing Stats

File Path                             PID    Runtime      # DAGs    # Errors  Last Runtime    Last Run               Last # of DB Queries
------------------------------------  -----  ---------  --------  ----------  --------------  -------------------  ----------------------
/opt/airflow/dags/real_estate_dag.py                           1           0  1.01s           2024-09-17T08:09:21                      12
================================================================================
[2024-09-17T08:09:53.565+0000] {manager.py:1008} INFO - 
================================================================================
DAG File Processing Stats

File Path                             PID    Runtime      # DAGs    # Errors  Last Runtime    Last Run               Last # of DB Queries
------------------------------------  -----  ---------  --------  ----------  --------------  -------------------  ----------------------
/opt/airflow/dags/real_estate_dag.py                           1           0  1.31s           2024-09-17T08:09:53                      12
================================================================================
[2024-09-17T08:10:24.979+0000] {manager.py:1008} INFO - 
================================================================================
DAG File Processing Stats

File Path                             PID    Runtime      # DAGs    # Errors  Last Runtime    Last Run               Last # of DB Queries
------------------------------------  -----  ---------  --------  ----------  --------------  -------------------  ----------------------
/opt/airflow/dags/real_estate_dag.py                           1           0  1.01s           2024-09-17T08:10:24                      12
================================================================================
[2024-09-17T08:10:56.445+0000] {manager.py:1008} INFO - 
================================================================================
DAG File Processing Stats

File Path                             PID    Runtime      # DAGs    # Errors  Last Runtime    Last Run               Last # of DB Queries
------------------------------------  -----  ---------  --------  ----------  --------------  -------------------  ----------------------
/opt/airflow/dags/real_estate_dag.py                           1           0  0.91s           2024-09-17T08:10:56                      12
================================================================================
[2024-09-17T08:11:27.773+0000] {manager.py:1008} INFO - 
================================================================================
DAG File Processing Stats

File Path                             PID    Runtime      # DAGs    # Errors  Last Runtime    Last Run               Last # of DB Queries
------------------------------------  -----  ---------  --------  ----------  --------------  -------------------  ----------------------
/opt/airflow/dags/real_estate_dag.py                           1           0  1.01s           2024-09-17T08:11:27                      12
================================================================================
[2024-09-17T08:11:59.413+0000] {manager.py:1008} INFO - 
================================================================================
DAG File Processing Stats

File Path                             PID    Runtime      # DAGs    # Errors  Last Runtime    Last Run               Last # of DB Queries
------------------------------------  -----  ---------  --------  ----------  --------------  -------------------  ----------------------
/opt/airflow/dags/real_estate_dag.py                           1           0  1.11s           2024-09-17T08:11:59                      12
================================================================================
[2024-09-17T08:12:31.337+0000] {manager.py:1008} INFO - 
================================================================================
DAG File Processing Stats

File Path                             PID    Runtime      # DAGs    # Errors  Last Runtime    Last Run               Last # of DB Queries
------------------------------------  -----  ---------  --------  ----------  --------------  -------------------  ----------------------
/opt/airflow/dags/real_estate_dag.py                           1           0  1.21s           2024-09-17T08:12:31                      12
================================================================================
[2024-09-17T08:13:03.896+0000] {manager.py:1008} INFO - 
================================================================================
DAG File Processing Stats

File Path                             PID    Runtime      # DAGs    # Errors  Last Runtime    Last Run               Last # of DB Queries
------------------------------------  -----  ---------  --------  ----------  --------------  -------------------  ----------------------
/opt/airflow/dags/real_estate_dag.py                           1           0  1.31s           2024-09-17T08:13:03                      12
================================================================================
[2024-09-17T08:14:18.327+0000] {manager.py:468} INFO - Exiting gracefully upon receiving signal 15
[2024-09-17T08:14:18.675+0000] {manager.py:486} INFO - Processing files using up to 1 processes at a time 
[2024-09-17T08:14:18.675+0000] {manager.py:487} INFO - Process each file at most once every 30 seconds
[2024-09-17T08:14:18.676+0000] {manager.py:488} INFO - Checking for new files in /opt/airflow/dags every 300 seconds
[2024-09-17T08:14:18.677+0000] {manager.py:832} INFO - Searching for files in /opt/airflow/dags
[2024-09-17T08:14:18.890+0000] {manager.py:835} INFO - There are 1 files in /opt/airflow/dags
[2024-09-17T08:14:20.231+0000] {manager.py:1008} INFO - 
================================================================================
DAG File Processing Stats

File Path                             PID    Runtime      # DAGs    # Errors  Last Runtime    Last Run               Last # of DB Queries
------------------------------------  -----  ---------  --------  ----------  --------------  -------------------  ----------------------
/opt/airflow/dags/real_estate_dag.py                           1           0  1.22s           2024-09-17T08:14:20                      12
================================================================================
[2024-09-17T08:14:54.227+0000] {manager.py:1008} INFO - 
================================================================================
DAG File Processing Stats

File Path                             PID    Runtime      # DAGs    # Errors  Last Runtime    Last Run               Last # of DB Queries
------------------------------------  -----  ---------  --------  ----------  --------------  -------------------  ----------------------
/opt/airflow/dags/real_estate_dag.py                           1           0  0.91s           2024-09-17T08:14:54                      12
================================================================================
[2024-09-17T08:15:25.249+0000] {manager.py:1008} INFO - 
================================================================================
DAG File Processing Stats

File Path                             PID    Runtime      # DAGs    # Errors  Last Runtime    Last Run               Last # of DB Queries
------------------------------------  -----  ---------  --------  ----------  --------------  -------------------  ----------------------
/opt/airflow/dags/real_estate_dag.py                           1           0  0.92s           2024-09-17T08:15:25                      12
================================================================================
[2024-09-17T08:15:56.412+0000] {manager.py:1008} INFO - 
================================================================================
DAG File Processing Stats

File Path                             PID    Runtime      # DAGs    # Errors  Last Runtime    Last Run               Last # of DB Queries
------------------------------------  -----  ---------  --------  ----------  --------------  -------------------  ----------------------
/opt/airflow/dags/real_estate_dag.py                           1           0  1.01s           2024-09-17T08:15:56                      12
================================================================================
[2024-09-17T08:16:28.882+0000] {manager.py:1008} INFO - 
================================================================================
DAG File Processing Stats

File Path                             PID    Runtime      # DAGs    # Errors  Last Runtime    Last Run               Last # of DB Queries
------------------------------------  -----  ---------  --------  ----------  --------------  -------------------  ----------------------
/opt/airflow/dags/real_estate_dag.py                           1           0  1.21s           2024-09-17T08:16:28                      12
================================================================================
[2024-09-17T08:17:35.461+0000] {manager.py:468} INFO - Exiting gracefully upon receiving signal 15
[2024-09-17T08:17:35.772+0000] {manager.py:486} INFO - Processing files using up to 1 processes at a time 
[2024-09-17T08:17:35.773+0000] {manager.py:487} INFO - Process each file at most once every 30 seconds
[2024-09-17T08:17:35.773+0000] {manager.py:488} INFO - Checking for new files in /opt/airflow/dags every 300 seconds
[2024-09-17T08:17:35.774+0000] {manager.py:832} INFO - Searching for files in /opt/airflow/dags
[2024-09-17T08:17:36.048+0000] {manager.py:835} INFO - There are 1 files in /opt/airflow/dags
[2024-09-17T08:17:37.280+0000] {manager.py:1008} INFO - 
================================================================================
DAG File Processing Stats

File Path                             PID    Runtime      # DAGs    # Errors  Last Runtime    Last Run               Last # of DB Queries
------------------------------------  -----  ---------  --------  ----------  --------------  -------------------  ----------------------
/opt/airflow/dags/real_estate_dag.py                           1           0  1.11s           2024-09-17T08:17:37                      12
================================================================================
[2024-09-17T08:18:15.002+0000] {manager.py:1008} INFO - 
================================================================================
DAG File Processing Stats

File Path                             PID    Runtime      # DAGs    # Errors  Last Runtime    Last Run               Last # of DB Queries
------------------------------------  -----  ---------  --------  ----------  --------------  -------------------  ----------------------
/opt/airflow/dags/real_estate_dag.py                           1           0  0.91s           2024-09-17T08:18:15                      12
================================================================================
[2024-09-17T08:19:10.126+0000] {manager.py:486} INFO - Processing files using up to 1 processes at a time 
[2024-09-17T08:19:10.127+0000] {manager.py:487} INFO - Process each file at most once every 30 seconds
[2024-09-17T08:19:10.127+0000] {manager.py:488} INFO - Checking for new files in /opt/airflow/dags every 300 seconds
[2024-09-17T08:19:10.128+0000] {manager.py:832} INFO - Searching for files in /opt/airflow/dags
[2024-09-17T08:19:10.269+0000] {manager.py:835} INFO - There are 1 files in /opt/airflow/dags
[2024-09-17T08:19:11.171+0000] {manager.py:1008} INFO - 
================================================================================
DAG File Processing Stats

File Path                             PID    Runtime      # DAGs    # Errors  Last Runtime    Last Run               Last # of DB Queries
------------------------------------  -----  ---------  --------  ----------  --------------  -------------------  ----------------------
/opt/airflow/dags/real_estate_dag.py                           1           0  0.80s           2024-09-17T08:19:11                      12
================================================================================
[2024-09-17T08:19:43.166+0000] {manager.py:1008} INFO - 
================================================================================
DAG File Processing Stats

File Path                             PID    Runtime      # DAGs    # Errors  Last Runtime    Last Run               Last # of DB Queries
------------------------------------  -----  ---------  --------  ----------  --------------  -------------------  ----------------------
/opt/airflow/dags/real_estate_dag.py                           1           0  1.11s           2024-09-17T08:19:43                      12
================================================================================
[2024-09-17T08:20:14.914+0000] {manager.py:1008} INFO - 
================================================================================
DAG File Processing Stats

File Path                             PID    Runtime      # DAGs    # Errors  Last Runtime    Last Run               Last # of DB Queries
------------------------------------  -----  ---------  --------  ----------  --------------  -------------------  ----------------------
/opt/airflow/dags/real_estate_dag.py                           1           0  1.41s           2024-09-17T08:20:14                      12
================================================================================
[2024-09-17T08:20:47.650+0000] {manager.py:1008} INFO - 
================================================================================
DAG File Processing Stats

File Path                             PID    Runtime      # DAGs    # Errors  Last Runtime    Last Run               Last # of DB Queries
------------------------------------  -----  ---------  --------  ----------  --------------  -------------------  ----------------------
/opt/airflow/dags/real_estate_dag.py                           1           0  1.52s           2024-09-17T08:20:47                      12
================================================================================
[2024-09-17T08:21:19.346+0000] {manager.py:1008} INFO - 
================================================================================
DAG File Processing Stats

File Path                             PID    Runtime      # DAGs    # Errors  Last Runtime    Last Run               Last # of DB Queries
------------------------------------  -----  ---------  --------  ----------  --------------  -------------------  ----------------------
/opt/airflow/dags/real_estate_dag.py                           1           0  1.42s           2024-09-17T08:21:19                      12
================================================================================
[2024-09-17T08:21:51.604+0000] {manager.py:1008} INFO - 
================================================================================
DAG File Processing Stats

File Path                             PID    Runtime      # DAGs    # Errors  Last Runtime    Last Run               Last # of DB Queries
------------------------------------  -----  ---------  --------  ----------  --------------  -------------------  ----------------------
/opt/airflow/dags/real_estate_dag.py                           1           0  1.41s           2024-09-17T08:21:51                      12
================================================================================
[2024-09-17T08:22:23.970+0000] {manager.py:1008} INFO - 
================================================================================
DAG File Processing Stats

File Path                             PID    Runtime      # DAGs    # Errors  Last Runtime    Last Run               Last # of DB Queries
------------------------------------  -----  ---------  --------  ----------  --------------  -------------------  ----------------------
/opt/airflow/dags/real_estate_dag.py                           1           0  1.31s           2024-09-17T08:22:23                      12
================================================================================
[2024-09-17T08:22:55.236+0000] {manager.py:1008} INFO - 
================================================================================
DAG File Processing Stats

File Path                             PID    Runtime      # DAGs    # Errors  Last Runtime    Last Run               Last # of DB Queries
------------------------------------  -----  ---------  --------  ----------  --------------  -------------------  ----------------------
/opt/airflow/dags/real_estate_dag.py                           1           0  1.02s           2024-09-17T08:22:55                      12
================================================================================
[2024-09-17T08:24:35.395+0000] {manager.py:832} INFO - Searching for files in /opt/airflow/dags
[2024-09-17T08:24:35.595+0000] {manager.py:835} INFO - There are 1 files in /opt/airflow/dags
[2024-09-17T08:24:36.554+0000] {manager.py:1008} INFO - 
================================================================================
DAG File Processing Stats

File Path                             PID    Runtime      # DAGs    # Errors  Last Runtime    Last Run               Last # of DB Queries
------------------------------------  -----  ---------  --------  ----------  --------------  -------------------  ----------------------
/opt/airflow/dags/real_estate_dag.py                           1           0  0.90s           2024-09-17T08:24:36                      12
================================================================================
[2024-09-17T08:25:08.515+0000] {manager.py:1008} INFO - 
================================================================================
DAG File Processing Stats

File Path                             PID    Runtime      # DAGs    # Errors  Last Runtime    Last Run               Last # of DB Queries
------------------------------------  -----  ---------  --------  ----------  --------------  -------------------  ----------------------
/opt/airflow/dags/real_estate_dag.py                           1           0  1.31s           2024-09-17T08:25:08                      12
================================================================================
[2024-09-17T08:25:40.445+0000] {manager.py:1008} INFO - 
================================================================================
DAG File Processing Stats

File Path                             PID    Runtime      # DAGs    # Errors  Last Runtime    Last Run               Last # of DB Queries
------------------------------------  -----  ---------  --------  ----------  --------------  -------------------  ----------------------
/opt/airflow/dags/real_estate_dag.py                           1           0  1.41s           2024-09-17T08:25:40                      12
================================================================================
[2024-09-17T08:26:12.278+0000] {manager.py:1008} INFO - 
================================================================================
DAG File Processing Stats

File Path                             PID    Runtime      # DAGs    # Errors  Last Runtime    Last Run               Last # of DB Queries
------------------------------------  -----  ---------  --------  ----------  --------------  -------------------  ----------------------
/opt/airflow/dags/real_estate_dag.py                           1           0  1.31s           2024-09-17T08:26:12                      12
================================================================================
[2024-09-17T08:26:43.914+0000] {manager.py:1008} INFO - 
================================================================================
DAG File Processing Stats

File Path                             PID    Runtime      # DAGs    # Errors  Last Runtime    Last Run               Last # of DB Queries
------------------------------------  -----  ---------  --------  ----------  --------------  -------------------  ----------------------
/opt/airflow/dags/real_estate_dag.py                           1           0  1.21s           2024-09-17T08:26:43                      12
================================================================================
[2024-09-17T08:27:15.160+0000] {manager.py:1008} INFO - 
================================================================================
DAG File Processing Stats

File Path                             PID    Runtime      # DAGs    # Errors  Last Runtime    Last Run               Last # of DB Queries
------------------------------------  -----  ---------  --------  ----------  --------------  -------------------  ----------------------
/opt/airflow/dags/real_estate_dag.py                           1           0  1.21s           2024-09-17T08:27:15                      12
================================================================================
[2024-09-17T08:27:46.807+0000] {manager.py:1008} INFO - 
================================================================================
DAG File Processing Stats

File Path                             PID    Runtime      # DAGs    # Errors  Last Runtime    Last Run               Last # of DB Queries
------------------------------------  -----  ---------  --------  ----------  --------------  -------------------  ----------------------
/opt/airflow/dags/real_estate_dag.py                           1           0  1.21s           2024-09-17T08:27:46                      12
================================================================================
[2024-09-17T08:28:18.483+0000] {manager.py:1008} INFO - 
================================================================================
DAG File Processing Stats

File Path                             PID    Runtime      # DAGs    # Errors  Last Runtime    Last Run               Last # of DB Queries
------------------------------------  -----  ---------  --------  ----------  --------------  -------------------  ----------------------
/opt/airflow/dags/real_estate_dag.py                           1           0  1.32s           2024-09-17T08:28:18                      12
================================================================================
[2024-09-17T09:07:20.520+0000] {manager.py:486} INFO - Processing files using up to 1 processes at a time 
[2024-09-17T09:07:20.524+0000] {manager.py:487} INFO - Process each file at most once every 30 seconds
[2024-09-17T09:07:20.524+0000] {manager.py:488} INFO - Checking for new files in /opt/airflow/dags every 300 seconds
[2024-09-17T09:07:20.525+0000] {manager.py:832} INFO - Searching for files in /opt/airflow/dags
[2024-09-17T09:07:20.726+0000] {manager.py:835} INFO - There are 1 files in /opt/airflow/dags
[2024-09-17T09:07:22.038+0000] {manager.py:1008} INFO - 
================================================================================
DAG File Processing Stats

File Path                             PID    Runtime      # DAGs    # Errors  Last Runtime    Last Run               Last # of DB Queries
------------------------------------  -----  ---------  --------  ----------  --------------  -------------------  ----------------------
/opt/airflow/dags/real_estate_dag.py                           1           0  1.21s           2024-09-17T09:07:22                      12
================================================================================
[2024-09-17T09:07:53.906+0000] {manager.py:1008} INFO - 
================================================================================
DAG File Processing Stats

File Path                             PID    Runtime      # DAGs    # Errors  Last Runtime    Last Run               Last # of DB Queries
------------------------------------  -----  ---------  --------  ----------  --------------  -------------------  ----------------------
/opt/airflow/dags/real_estate_dag.py                           1           0  1.21s           2024-09-17T09:07:53                      12
================================================================================
[2024-09-17T09:08:25.958+0000] {manager.py:1008} INFO - 
================================================================================
DAG File Processing Stats

File Path                             PID    Runtime      # DAGs    # Errors  Last Runtime    Last Run               Last # of DB Queries
------------------------------------  -----  ---------  --------  ----------  --------------  -------------------  ----------------------
/opt/airflow/dags/real_estate_dag.py                           1           0  1.52s           2024-09-17T09:08:25                      12
================================================================================
[2024-09-17T09:08:58.512+0000] {manager.py:1008} INFO - 
================================================================================
DAG File Processing Stats

File Path                             PID    Runtime      # DAGs    # Errors  Last Runtime    Last Run               Last # of DB Queries
------------------------------------  -----  ---------  --------  ----------  --------------  -------------------  ----------------------
/opt/airflow/dags/real_estate_dag.py                           1           0  1.41s           2024-09-17T09:08:58                      12
================================================================================
[2024-09-17T09:09:30.612+0000] {manager.py:1008} INFO - 
================================================================================
DAG File Processing Stats

File Path                             PID    Runtime      # DAGs    # Errors  Last Runtime    Last Run               Last # of DB Queries
------------------------------------  -----  ---------  --------  ----------  --------------  -------------------  ----------------------
/opt/airflow/dags/real_estate_dag.py                           1           0  1.31s           2024-09-17T09:09:30                      12
================================================================================
[2024-09-17T09:10:02.849+0000] {manager.py:1008} INFO - 
================================================================================
DAG File Processing Stats

File Path                             PID    Runtime      # DAGs    # Errors  Last Runtime    Last Run               Last # of DB Queries
------------------------------------  -----  ---------  --------  ----------  --------------  -------------------  ----------------------
/opt/airflow/dags/real_estate_dag.py                           1           0  1.11s           2024-09-17T09:10:02                      12
================================================================================
[2024-09-17T09:10:34.515+0000] {manager.py:1008} INFO - 
================================================================================
DAG File Processing Stats

File Path                             PID    Runtime      # DAGs    # Errors  Last Runtime    Last Run               Last # of DB Queries
------------------------------------  -----  ---------  --------  ----------  --------------  -------------------  ----------------------
/opt/airflow/dags/real_estate_dag.py                           1           0  1.21s           2024-09-17T09:10:34                      12
================================================================================
[2024-09-17T09:11:56.647+0000] {manager.py:468} INFO - Exiting gracefully upon receiving signal 15
[2024-09-17T09:11:56.942+0000] {manager.py:486} INFO - Processing files using up to 1 processes at a time 
[2024-09-17T09:11:56.942+0000] {manager.py:487} INFO - Process each file at most once every 30 seconds
[2024-09-17T09:11:56.943+0000] {manager.py:488} INFO - Checking for new files in /opt/airflow/dags every 300 seconds
[2024-09-17T09:11:56.944+0000] {manager.py:832} INFO - Searching for files in /opt/airflow/dags
[2024-09-17T09:11:57.152+0000] {manager.py:835} INFO - There are 1 files in /opt/airflow/dags
[2024-09-17T09:11:58.301+0000] {manager.py:1008} INFO - 
================================================================================
DAG File Processing Stats

File Path                             PID    Runtime      # DAGs    # Errors  Last Runtime    Last Run               Last # of DB Queries
------------------------------------  -----  ---------  --------  ----------  --------------  -------------------  ----------------------
/opt/airflow/dags/real_estate_dag.py                           1           0  0.81s           2024-09-17T09:11:58                      12
================================================================================
[2024-09-17T09:12:34.181+0000] {manager.py:1008} INFO - 
================================================================================
DAG File Processing Stats

File Path                             PID    Runtime      # DAGs    # Errors  Last Runtime    Last Run               Last # of DB Queries
------------------------------------  -----  ---------  --------  ----------  --------------  -------------------  ----------------------
/opt/airflow/dags/real_estate_dag.py                           1           0  1.01s           2024-09-17T09:12:34                      12
================================================================================
[2024-09-17T09:13:05.547+0000] {manager.py:1008} INFO - 
================================================================================
DAG File Processing Stats

File Path                             PID    Runtime      # DAGs    # Errors  Last Runtime    Last Run               Last # of DB Queries
------------------------------------  -----  ---------  --------  ----------  --------------  -------------------  ----------------------
/opt/airflow/dags/real_estate_dag.py                           1           0  1.01s           2024-09-17T09:13:05                      12
================================================================================
[2024-09-17T09:13:37.248+0000] {manager.py:1008} INFO - 
================================================================================
DAG File Processing Stats

File Path                             PID    Runtime      # DAGs    # Errors  Last Runtime    Last Run               Last # of DB Queries
------------------------------------  -----  ---------  --------  ----------  --------------  -------------------  ----------------------
/opt/airflow/dags/real_estate_dag.py                           1           0  1.11s           2024-09-17T09:13:37                      12
================================================================================
[2024-09-17T09:14:08.536+0000] {manager.py:1008} INFO - 
================================================================================
DAG File Processing Stats

File Path                             PID    Runtime      # DAGs    # Errors  Last Runtime    Last Run               Last # of DB Queries
------------------------------------  -----  ---------  --------  ----------  --------------  -------------------  ----------------------
/opt/airflow/dags/real_estate_dag.py                           1           0  1.01s           2024-09-17T09:14:08                      12
================================================================================
[2024-09-17T09:14:39.998+0000] {manager.py:1008} INFO - 
================================================================================
DAG File Processing Stats

File Path                             PID    Runtime      # DAGs    # Errors  Last Runtime    Last Run               Last # of DB Queries
------------------------------------  -----  ---------  --------  ----------  --------------  -------------------  ----------------------
/opt/airflow/dags/real_estate_dag.py                           1           0  0.91s           2024-09-17T09:14:39                      12
================================================================================
[2024-09-17T09:15:11.550+0000] {manager.py:1008} INFO - 
================================================================================
DAG File Processing Stats

File Path                             PID    Runtime      # DAGs    # Errors  Last Runtime    Last Run               Last # of DB Queries
------------------------------------  -----  ---------  --------  ----------  --------------  -------------------  ----------------------
/opt/airflow/dags/real_estate_dag.py                           1           0  0.91s           2024-09-17T09:15:11                      12
================================================================================
[2024-09-17T09:15:43.254+0000] {manager.py:1008} INFO - 
================================================================================
DAG File Processing Stats

File Path                             PID    Runtime      # DAGs    # Errors  Last Runtime    Last Run               Last # of DB Queries
------------------------------------  -----  ---------  --------  ----------  --------------  -------------------  ----------------------
/opt/airflow/dags/real_estate_dag.py                           1           0  0.91s           2024-09-17T09:15:43                      12
================================================================================
[2024-09-17T09:16:15.287+0000] {manager.py:1008} INFO - 
================================================================================
DAG File Processing Stats

File Path                             PID    Runtime      # DAGs    # Errors  Last Runtime    Last Run               Last # of DB Queries
------------------------------------  -----  ---------  --------  ----------  --------------  -------------------  ----------------------
/opt/airflow/dags/real_estate_dag.py                           1           0  1.11s           2024-09-17T09:16:15                      12
================================================================================
[2024-09-17T09:16:47.797+0000] {manager.py:1008} INFO - 
================================================================================
DAG File Processing Stats

File Path                             PID    Runtime      # DAGs    # Errors  Last Runtime    Last Run               Last # of DB Queries
------------------------------------  -----  ---------  --------  ----------  --------------  -------------------  ----------------------
/opt/airflow/dags/real_estate_dag.py                           1           0  1.32s           2024-09-17T09:16:47                      12
================================================================================
[2024-09-17T09:16:57.711+0000] {manager.py:832} INFO - Searching for files in /opt/airflow/dags
[2024-09-17T09:16:58.116+0000] {manager.py:835} INFO - There are 1 files in /opt/airflow/dags
[2024-09-17T09:17:19.622+0000] {manager.py:1008} INFO - 
================================================================================
DAG File Processing Stats

File Path                             PID    Runtime      # DAGs    # Errors  Last Runtime    Last Run               Last # of DB Queries
------------------------------------  -----  ---------  --------  ----------  --------------  -------------------  ----------------------
/opt/airflow/dags/real_estate_dag.py                           1           0  1.01s           2024-09-17T09:17:19                      12
================================================================================
[2024-09-17T09:17:51.626+0000] {manager.py:1008} INFO - 
================================================================================
DAG File Processing Stats

File Path                             PID    Runtime      # DAGs    # Errors  Last Runtime    Last Run               Last # of DB Queries
------------------------------------  -----  ---------  --------  ----------  --------------  -------------------  ----------------------
/opt/airflow/dags/real_estate_dag.py                           1           0  1.21s           2024-09-17T09:17:51                      12
================================================================================
[2024-09-17T09:18:22.945+0000] {manager.py:1008} INFO - 
================================================================================
DAG File Processing Stats

File Path                             PID    Runtime      # DAGs    # Errors  Last Runtime    Last Run               Last # of DB Queries
------------------------------------  -----  ---------  --------  ----------  --------------  -------------------  ----------------------
/opt/airflow/dags/real_estate_dag.py                           1           0  1.11s           2024-09-17T09:18:22                      12
================================================================================
